<?xml version="1.0" encoding="UTF-8"?>
<testng-results ignored="0" total="7" passed="7" failed="0" skipped="0">
  <reporter-output>
  </reporter-output>
  <suite started-at="2022-03-17T22:37:36 PKT" name="Default suite" finished-at="2022-03-17T22:38:37 PKT" duration-ms="60700">
    <groups>
    </groups>
    <test started-at="2022-03-17T22:37:36 PKT" name="Default test" finished-at="2022-03-17T22:38:37 PKT" duration-ms="60700">
      <class name="AndroidAppB.AppiumFramework.LoginScreen">
        <test-method is-config="true" signature="setUp()[pri:0, instance:AndroidAppB.AppiumFramework.LoginScreen@53ce1329]" started-at="2022-03-17T22:37:36 PKT" name="setUp" finished-at="2022-03-17T22:38:04 PKT" duration-ms="28286" status="PASS">
          <reporter-output>
          </reporter-output>
        </test-method> <!-- setUp -->
        <test-method signature="verfication()[pri:1, instance:AndroidAppB.AppiumFramework.LoginScreen@53ce1329]" started-at="2022-03-17T22:38:04 PKT" name="verfication" finished-at="2022-03-17T22:38:12 PKT" duration-ms="8016" status="PASS">
          <reporter-output>
          </reporter-output>
        </test-method> <!-- verfication -->
        <test-method signature="phonenumber()[pri:2, instance:AndroidAppB.AppiumFramework.LoginScreen@53ce1329]" started-at="2022-03-17T22:38:12 PKT" name="phonenumber" finished-at="2022-03-17T22:38:14 PKT" duration-ms="1989" status="PASS">
          <reporter-output>
          </reporter-output>
        </test-method> <!-- phonenumber -->
        <test-method signature="passworderrormessage()[pri:3, instance:AndroidAppB.AppiumFramework.LoginScreen@53ce1329]" started-at="2022-03-17T22:38:14 PKT" name="passworderrormessage" finished-at="2022-03-17T22:38:15 PKT" duration-ms="995" status="PASS">
          <reporter-output>
          </reporter-output>
        </test-method> <!-- passworderrormessage -->
        <test-method signature="passwordfieldminimumcharacter()[pri:4, instance:AndroidAppB.AppiumFramework.LoginScreen@53ce1329]" started-at="2022-03-17T22:38:15 PKT" name="passwordfieldminimumcharacter" finished-at="2022-03-17T22:38:17 PKT" duration-ms="2007" status="PASS">
          <reporter-output>
          </reporter-output>
        </test-method> <!-- passwordfieldminimumcharacter -->
        <test-method signature="invalidPasssword()[pri:5, instance:AndroidAppB.AppiumFramework.LoginScreen@53ce1329]" started-at="2022-03-17T22:38:17 PKT" name="invalidPasssword" finished-at="2022-03-17T22:38:25 PKT" duration-ms="8187" status="PASS">
          <reporter-output>
          </reporter-output>
        </test-method> <!-- invalidPasssword -->
        <test-method signature="notRegisteruser()[pri:6, instance:AndroidAppB.AppiumFramework.LoginScreen@53ce1329]" started-at="2022-03-17T22:38:26 PKT" name="notRegisteruser" finished-at="2022-03-17T22:38:30 PKT" duration-ms="4794" status="PASS">
          <reporter-output>
          </reporter-output>
        </test-method> <!-- notRegisteruser -->
        <test-method signature="loginwithvaliduser()[pri:7, instance:AndroidAppB.AppiumFramework.LoginScreen@53ce1329]" started-at="2022-03-17T22:38:30 PKT" name="loginwithvaliduser" finished-at="2022-03-17T22:38:37 PKT" duration-ms="6287" status="PASS">
          <reporter-output>
          </reporter-output>
        </test-method> <!-- loginwithvaliduser -->
      </class> <!-- AndroidAppB.AppiumFramework.LoginScreen -->
    </test> <!-- Default test -->
  </suite> <!-- Default suite -->
</testng-results>
