<?xml version="1.0" encoding="UTF-8"?>
<!-- Generated by org.testng.reporters.JUnitXMLReporter -->
<testsuite ignored="0" hostname="HAIER" failures="0" tests="7" name="Default test" time="60.7" errors="0" timestamp="2022-03-17T22:38:38 PKT">
  <testcase classname="AndroidAppB.AppiumFramework.LoginScreen" name="verfication" time="8.016"/>
  <testcase classname="AndroidAppB.AppiumFramework.LoginScreen" name="phonenumber" time="1.989"/>
  <testcase classname="AndroidAppB.AppiumFramework.LoginScreen" name="passworderrormessage" time="0.995"/>
  <testcase classname="AndroidAppB.AppiumFramework.LoginScreen" name="passwordfieldminimumcharacter" time="2.007"/>
  <testcase classname="AndroidAppB.AppiumFramework.LoginScreen" name="invalidPasssword" time="8.187"/>
  <testcase classname="AndroidAppB.AppiumFramework.LoginScreen" name="notRegisteruser" time="4.794"/>
  <testcase classname="AndroidAppB.AppiumFramework.LoginScreen" name="loginwithvaliduser" time="6.287"/>
</testsuite> <!-- Default test -->
